$ .venv_dev/bin/pip-audit -r requirements.txt
Traceback (most recent call last):
  File "/mnt/data/docudocker-webapp/.venv_dev/lib/python3.13/site-packages/urllib3/connection.py", line 204, in _new_conn
    sock = connection.create_connection(
        (self._dns_host, self.port),
    ...<2 lines>...
        socket_options=self.socket_options,
    )
  File "/mnt/data/docudocker-webapp/.venv_dev/lib/python3.13/site-packages/urllib3/util/connection.py", line 60, in create_connection
    for res in socket.getaddrinfo(host, port, family, socket.SOCK_STREAM):
               ~~~~~~~~~~~~~~~~~~^^^^^^^^^^^^^^^^^^^^^^^^^^^^^^^^^^^^^^^^
  File "/usr/lib/python3.13/socket.py", line 977, in getaddrinfo
    for res in _socket.getaddrinfo(host, port, family, type, proto, flags):
               ~~~~~~~~~~~~~~~~~~~^^^^^^^^^^^^^^^^^^^^^^^^^^^^^^^^^^^^^^^^
socket.gaierror: [Errno -3] Temporary failure in name resolution

The above exception was the direct cause of the following exception:

Traceback (most recent call last):
  File "/mnt/data/docudocker-webapp/.venv_dev/lib/python3.13/site-packages/urllib3/connectionpool.py", line 787, in urlopen
    response = self._make_request(
        conn,
    ...<10 lines>...
        **response_kw,
    )
  File "/mnt/data/docudocker-webapp/.venv_dev/lib/python3.13/site-packages/urllib3/connectionpool.py", line 488, in _make_request
    raise new_e
  File "/mnt/data/docudocker-webapp/.venv_dev/lib/python3.13/site-packages/urllib3/connectionpool.py", line 464, in _make_request
    self._validate_conn(conn)
    ~~~~~~~~~~~~~~~~~~~^^^^^^
  File "/mnt/data/docudocker-webapp/.venv_dev/lib/python3.13/site-packages/urllib3/connectionpool.py", line 1093, in _validate_conn
    conn.connect()
    ~~~~~~~~~~~~^^
  File "/mnt/data/docudocker-webapp/.venv_dev/lib/python3.13/site-packages/urllib3/connection.py", line 759, in connect
    self.sock = sock = self._new_conn()
                       ~~~~~~~~~~~~~~^^
  File "/mnt/data/docudocker-webapp/.venv_dev/lib/python3.13/site-packages/urllib3/connection.py", line 211, in _new_conn
    raise NameResolutionError(self.host, self, e) from e
urllib3.exceptions.NameResolutionError: HTTPSConnection(host='pypi.org', port=443): Failed to resolve 'pypi.org' ([Errno -3] Temporary failure in name resolution)

The above exception was the direct cause of the following exception:

Traceback (most recent call last):
  File "/mnt/data/docudocker-webapp/.venv_dev/lib/python3.13/site-packages/requests/adapters.py", line 645, in send
    resp = conn.urlopen(
        method=request.method,
    ...<9 lines>...
        chunked=chunked,
    )
  File "/mnt/data/docudocker-webapp/.venv_dev/lib/python3.13/site-packages/urllib3/connectionpool.py", line 841, in urlopen
    retries = retries.increment(
        method, url, error=new_e, _pool=self, _stacktrace=sys.exc_info()[2]
    )
  File "/mnt/data/docudocker-webapp/.venv_dev/lib/python3.13/site-packages/urllib3/util/retry.py", line 535, in increment
    raise MaxRetryError(_pool, url, reason) from reason  # type: ignore[arg-type]
    ^^^^^^^^^^^^^^^^^^^^^^^^^^^^^^^^^^^^^^^^^^^^^^^^^^^
urllib3.exceptions.MaxRetryError: HTTPSConnectionPool(host='pypi.org', port=443): Max retries exceeded with url: /pypi/fastapi/0.111.0/json (Caused by NameResolutionError("HTTPSConnection(host='pypi.org', port=443): Failed to resolve 'pypi.org' ([Errno -3] Temporary failure in name resolution)"))

During handling of the above exception, another exception occurred:

Traceback (most recent call last):
  File "/mnt/data/docudocker-webapp/.venv_dev/bin/pip-audit", line 6, in <module>
    sys.exit(audit())
             ~~~~~^^
  File "/mnt/data/docudocker-webapp/.venv_dev/lib/python3.13/site-packages/pip_audit/_cli.py", line 554, in audit
    for spec, vulns in auditor.audit(source):
                       ~~~~~~~~~~~~~^^^^^^^^
  File "/mnt/data/docudocker-webapp/.venv_dev/lib/python3.13/site-packages/pip_audit/_audit.py", line 68, in audit
    for dep, vulns in self._service.query_all(specs):
                      ~~~~~~~~~~~~~~~~~~~~~~~^^^^^^^
  File "/mnt/data/docudocker-webapp/.venv_dev/lib/python3.13/site-packages/pip_audit/_service/interface.py", line 180, in query_all
    yield self.query(spec)
          ~~~~~~~~~~^^^^^^
  File "/mnt/data/docudocker-webapp/.venv_dev/lib/python3.13/site-packages/pip_audit/_service/pypi.py", line 64, in query
    response: requests.Response = self.session.get(url=url, timeout=self.timeout)
                                  ~~~~~~~~~~~~~~~~^^^^^^^^^^^^^^^^^^^^^^^^^^^^^^^
  File "/mnt/data/docudocker-webapp/.venv_dev/lib/python3.13/site-packages/requests/sessions.py", line 605, in get
    return self.request("GET", url, **kwargs)
           ~~~~~~~~~~~~^^^^^^^^^^^^^^^^^^^^^^
  File "/mnt/data/docudocker-webapp/.venv_dev/lib/python3.13/site-packages/requests/sessions.py", line 592, in request
    resp = self.send(prep, **send_kwargs)
  File "/mnt/data/docudocker-webapp/.venv_dev/lib/python3.13/site-packages/requests/sessions.py", line 706, in send
    r = adapter.send(request, **kwargs)
  File "/mnt/data/docudocker-webapp/.venv_dev/lib/python3.13/site-packages/cachecontrol/adapter.py", line 76, in send
    resp = super().send(request, stream, timeout, verify, cert, proxies)
  File "/mnt/data/docudocker-webapp/.venv_dev/lib/python3.13/site-packages/requests/adapters.py", line 678, in send
    raise ConnectionError(e, request=request)
requests.exceptions.ConnectionError: HTTPSConnectionPool(host='pypi.org', port=443): Max retries exceeded with url: /pypi/fastapi/0.111.0/json (Caused by NameResolutionError("HTTPSConnection(host='pypi.org', port=443): Failed to resolve 'pypi.org' ([Errno -3] Temporary failure in name resolution)"))
